<?xml version="1.0" encoding="UTF-8"?>
<!-- Generated by org.testng.reporters.JUnitReportReporter -->
<testsuite hostname="VIJAYAKUMAR" failures="0" tests="1" name="testsuite.ReservationNowTestSuite" time="5.581" errors="0" timestamp="2024-06-03T03:27:37 BST" skipped="0">
  <testcase classname="testsuite.ReservationNowTestSuite" name="testCase1" time="5.581"/>
  <system-out/>
</testsuite> <!-- testsuite.ReservationNowTestSuite -->
