<?xml version="1.0" encoding="UTF-8"?>
<!-- Generated by org.testng.reporters.JUnitReportReporter -->
<testsuite hostname="VIJAYAKUMAR" failures="0" tests="1" name="testsuite.ReservationNowTestSuite" time="9.369" errors="0" timestamp="2024-06-04T15:27:00 BST" skipped="0">
  <testcase classname="testsuite.ReservationNowTestSuite" name="testCase1" time="9.369"/>
  <system-out/>
</testsuite> <!-- testsuite.ReservationNowTestSuite -->
